ERROR - 2024-08-02 15:18:03 --> mysqli_sql_exception: Cannot add or update a child row: a foreign key constraint fails (`fs2024_hotel`.`reservaciones`, CONSTRAINT `reservaciones_ibfk_2` FOREIGN KEY (`usuario_id`) REFERENCES `usuarios` (`usuario_id`)) in C:\xampp\htdocs\fs2024\ci-hotel\system\Database\MySQLi\Connection.php:312
Stack trace:
#0 C:\xampp\htdocs\fs2024\ci-hotel\system\Database\MySQLi\Connection.php(312): mysqli->query('UPDATE `reserva...', 0)
#1 C:\xampp\htdocs\fs2024\ci-hotel\system\Database\BaseConnection.php(734): CodeIgniter\Database\MySQLi\Connection->execute('UPDATE `reserva...')
#2 C:\xampp\htdocs\fs2024\ci-hotel\system\Database\BaseConnection.php(648): CodeIgniter\Database\BaseConnection->simpleQuery('UPDATE `reserva...')
#3 C:\xampp\htdocs\fs2024\ci-hotel\system\Database\BaseBuilder.php(2508): CodeIgniter\Database\BaseConnection->query('UPDATE `reserva...', Array, false)
#4 C:\xampp\htdocs\fs2024\ci-hotel\system\Model.php(461): CodeIgniter\Database\BaseBuilder->update()
#5 C:\xampp\htdocs\fs2024\ci-hotel\system\BaseModel.php(1028): CodeIgniter\Model->doUpdate(Array, Array)
#6 C:\xampp\htdocs\fs2024\ci-hotel\system\Model.php(865): CodeIgniter\BaseModel->update(Array, Array)
#7 C:\xampp\htdocs\fs2024\ci-hotel\app\Controllers\Reservaciones.php(59): CodeIgniter\Model->update('1', Array)
#8 C:\xampp\htdocs\fs2024\ci-hotel\system\CodeIgniter.php(933): App\Controllers\Reservaciones->modificarReservacion()
#9 C:\xampp\htdocs\fs2024\ci-hotel\system\CodeIgniter.php(509): CodeIgniter\CodeIgniter->runController(Object(App\Controllers\Reservaciones))
#10 C:\xampp\htdocs\fs2024\ci-hotel\system\CodeIgniter.php(355): CodeIgniter\CodeIgniter->handleRequest(NULL, Object(Config\Cache), false)
#11 C:\xampp\htdocs\fs2024\ci-hotel\system\Boot.php(325): CodeIgniter\CodeIgniter->run()
#12 C:\xampp\htdocs\fs2024\ci-hotel\system\Boot.php(67): CodeIgniter\Boot::runCodeIgniter(Object(CodeIgniter\CodeIgniter))
#13 C:\xampp\htdocs\fs2024\ci-hotel\public\index.php(56): CodeIgniter\Boot::bootWeb(Object(Config\Paths))
#14 {main}
CRITICAL - 2024-08-02 15:18:03 --> CodeIgniter\Database\Exceptions\DatabaseException: Cannot add or update a child row: a foreign key constraint fails (`fs2024_hotel`.`reservaciones`, CONSTRAINT `reservaciones_ibfk_2` FOREIGN KEY (`usuario_id`) REFERENCES `usuarios` (`usuario_id`))
[Method: POST, Route: modificar_reservacion]
in SYSTEMPATH\Database\BaseConnection.php on line 688.
 1 SYSTEMPATH\Database\BaseBuilder.php(2508): CodeIgniter\Database\BaseConnection->query('UPDATE `reservaciones` SET `reservacion_id` = :reservacion_id:, `fecha` = :fecha:, `cliente_id` = :cliente_id:, `hotel_id` = :hotel_id:, `descripcion` = :descripcion:, `usuario_id` = :usuario_id:
WHERE `reservaciones`.`reservacion_id` IN :reservaciones.reservacion_id:', [...], false)
 2 SYSTEMPATH\Model.php(461): CodeIgniter\Database\BaseBuilder->update()
 3 SYSTEMPATH\BaseModel.php(1028): CodeIgniter\Model->doUpdate([...], [...])
 4 SYSTEMPATH\Model.php(865): CodeIgniter\BaseModel->update([...], [...])
 5 APPPATH\Controllers\Reservaciones.php(59): CodeIgniter\Model->update('1', [...])
 6 SYSTEMPATH\CodeIgniter.php(933): App\Controllers\Reservaciones->modificarReservacion()
 7 SYSTEMPATH\CodeIgniter.php(509): CodeIgniter\CodeIgniter->runController(Object(App\Controllers\Reservaciones))
 8 SYSTEMPATH\CodeIgniter.php(355): CodeIgniter\CodeIgniter->handleRequest(null, Object(Config\Cache), false)
 9 SYSTEMPATH\Boot.php(325): CodeIgniter\CodeIgniter->run()
10 SYSTEMPATH\Boot.php(67): CodeIgniter\Boot::runCodeIgniter(Object(CodeIgniter\CodeIgniter))
11 FCPATH\index.php(56): CodeIgniter\Boot::bootWeb(Object(Config\Paths))
CRITICAL - 2024-08-02 15:18:03 --> [Caused by] CodeIgniter\Database\Exceptions\DatabaseException: Cannot add or update a child row: a foreign key constraint fails (`fs2024_hotel`.`reservaciones`, CONSTRAINT `reservaciones_ibfk_2` FOREIGN KEY (`usuario_id`) REFERENCES `usuarios` (`usuario_id`))
in SYSTEMPATH\Database\MySQLi\Connection.php on line 317.
 1 SYSTEMPATH\Database\BaseConnection.php(734): CodeIgniter\Database\MySQLi\Connection->execute('UPDATE `reservaciones` SET `reservacion_id` = \'1\', `fecha` = \'2022-12-31\', `cliente_id` = \'2\', `hotel_id` = \'5\', `descripcion` = \'2 personas\', `usuario_id` = \'Selecione Nombre de la ciudad\'
WHERE `reservaciones`.`reservacion_id` IN (\'1\')')
 2 SYSTEMPATH\Database\BaseConnection.php(648): CodeIgniter\Database\BaseConnection->simpleQuery('UPDATE `reservaciones` SET `reservacion_id` = \'1\', `fecha` = \'2022-12-31\', `cliente_id` = \'2\', `hotel_id` = \'5\', `descripcion` = \'2 personas\', `usuario_id` = \'Selecione Nombre de la ciudad\'
WHERE `reservaciones`.`reservacion_id` IN (\'1\')')
 3 SYSTEMPATH\Database\BaseBuilder.php(2508): CodeIgniter\Database\BaseConnection->query('UPDATE `reservaciones` SET `reservacion_id` = :reservacion_id:, `fecha` = :fecha:, `cliente_id` = :cliente_id:, `hotel_id` = :hotel_id:, `descripcion` = :descripcion:, `usuario_id` = :usuario_id:
WHERE `reservaciones`.`reservacion_id` IN :reservaciones.reservacion_id:', [...], false)
 4 SYSTEMPATH\Model.php(461): CodeIgniter\Database\BaseBuilder->update()
 5 SYSTEMPATH\BaseModel.php(1028): CodeIgniter\Model->doUpdate([...], [...])
 6 SYSTEMPATH\Model.php(865): CodeIgniter\BaseModel->update([...], [...])
 7 APPPATH\Controllers\Reservaciones.php(59): CodeIgniter\Model->update('1', [...])
 8 SYSTEMPATH\CodeIgniter.php(933): App\Controllers\Reservaciones->modificarReservacion()
 9 SYSTEMPATH\CodeIgniter.php(509): CodeIgniter\CodeIgniter->runController(Object(App\Controllers\Reservaciones))
10 SYSTEMPATH\CodeIgniter.php(355): CodeIgniter\CodeIgniter->handleRequest(null, Object(Config\Cache), false)
11 SYSTEMPATH\Boot.php(325): CodeIgniter\CodeIgniter->run()
12 SYSTEMPATH\Boot.php(67): CodeIgniter\Boot::runCodeIgniter(Object(CodeIgniter\CodeIgniter))
13 FCPATH\index.php(56): CodeIgniter\Boot::bootWeb(Object(Config\Paths))
CRITICAL - 2024-08-02 15:18:03 --> [Caused by] mysqli_sql_exception: Cannot add or update a child row: a foreign key constraint fails (`fs2024_hotel`.`reservaciones`, CONSTRAINT `reservaciones_ibfk_2` FOREIGN KEY (`usuario_id`) REFERENCES `usuarios` (`usuario_id`))
in SYSTEMPATH\Database\MySQLi\Connection.php on line 312.
 1 SYSTEMPATH\Database\MySQLi\Connection.php(312): mysqli->query('UPDATE `reservaciones` SET `reservacion_id` = \'1\', `fecha` = \'2022-12-31\', `cliente_id` = \'2\', `hotel_id` = \'5\', `descripcion` = \'2 personas\', `usuario_id` = \'Selecione Nombre de la ciudad\'
WHERE `reservaciones`.`reservacion_id` IN (\'1\')', 0)
 2 SYSTEMPATH\Database\BaseConnection.php(734): CodeIgniter\Database\MySQLi\Connection->execute('UPDATE `reservaciones` SET `reservacion_id` = \'1\', `fecha` = \'2022-12-31\', `cliente_id` = \'2\', `hotel_id` = \'5\', `descripcion` = \'2 personas\', `usuario_id` = \'Selecione Nombre de la ciudad\'
WHERE `reservaciones`.`reservacion_id` IN (\'1\')')
 3 SYSTEMPATH\Database\BaseConnection.php(648): CodeIgniter\Database\BaseConnection->simpleQuery('UPDATE `reservaciones` SET `reservacion_id` = \'1\', `fecha` = \'2022-12-31\', `cliente_id` = \'2\', `hotel_id` = \'5\', `descripcion` = \'2 personas\', `usuario_id` = \'Selecione Nombre de la ciudad\'
WHERE `reservaciones`.`reservacion_id` IN (\'1\')')
 4 SYSTEMPATH\Database\BaseBuilder.php(2508): CodeIgniter\Database\BaseConnection->query('UPDATE `reservaciones` SET `reservacion_id` = :reservacion_id:, `fecha` = :fecha:, `cliente_id` = :cliente_id:, `hotel_id` = :hotel_id:, `descripcion` = :descripcion:, `usuario_id` = :usuario_id:
WHERE `reservaciones`.`reservacion_id` IN :reservaciones.reservacion_id:', [...], false)
 5 SYSTEMPATH\Model.php(461): CodeIgniter\Database\BaseBuilder->update()
 6 SYSTEMPATH\BaseModel.php(1028): CodeIgniter\Model->doUpdate([...], [...])
 7 SYSTEMPATH\Model.php(865): CodeIgniter\BaseModel->update([...], [...])
 8 APPPATH\Controllers\Reservaciones.php(59): CodeIgniter\Model->update('1', [...])
 9 SYSTEMPATH\CodeIgniter.php(933): App\Controllers\Reservaciones->modificarReservacion()
10 SYSTEMPATH\CodeIgniter.php(509): CodeIgniter\CodeIgniter->runController(Object(App\Controllers\Reservaciones))
11 SYSTEMPATH\CodeIgniter.php(355): CodeIgniter\CodeIgniter->handleRequest(null, Object(Config\Cache), false)
12 SYSTEMPATH\Boot.php(325): CodeIgniter\CodeIgniter->run()
13 SYSTEMPATH\Boot.php(67): CodeIgniter\Boot::runCodeIgniter(Object(CodeIgniter\CodeIgniter))
14 FCPATH\index.php(56): CodeIgniter\Boot::bootWeb(Object(Config\Paths))
ERROR - 2024-08-02 15:18:32 --> mysqli_sql_exception: Cannot add or update a child row: a foreign key constraint fails (`fs2024_hotel`.`reservaciones`, CONSTRAINT `reservaciones_ibfk_2` FOREIGN KEY (`usuario_id`) REFERENCES `usuarios` (`usuario_id`)) in C:\xampp\htdocs\fs2024\ci-hotel\system\Database\MySQLi\Connection.php:312
Stack trace:
#0 C:\xampp\htdocs\fs2024\ci-hotel\system\Database\MySQLi\Connection.php(312): mysqli->query('UPDATE `reserva...', 0)
#1 C:\xampp\htdocs\fs2024\ci-hotel\system\Database\BaseConnection.php(734): CodeIgniter\Database\MySQLi\Connection->execute('UPDATE `reserva...')
#2 C:\xampp\htdocs\fs2024\ci-hotel\system\Database\BaseConnection.php(648): CodeIgniter\Database\BaseConnection->simpleQuery('UPDATE `reserva...')
#3 C:\xampp\htdocs\fs2024\ci-hotel\system\Database\BaseBuilder.php(2508): CodeIgniter\Database\BaseConnection->query('UPDATE `reserva...', Array, false)
#4 C:\xampp\htdocs\fs2024\ci-hotel\system\Model.php(461): CodeIgniter\Database\BaseBuilder->update()
#5 C:\xampp\htdocs\fs2024\ci-hotel\system\BaseModel.php(1028): CodeIgniter\Model->doUpdate(Array, Array)
#6 C:\xampp\htdocs\fs2024\ci-hotel\system\Model.php(865): CodeIgniter\BaseModel->update(Array, Array)
#7 C:\xampp\htdocs\fs2024\ci-hotel\app\Controllers\Reservaciones.php(59): CodeIgniter\Model->update('1', Array)
#8 C:\xampp\htdocs\fs2024\ci-hotel\system\CodeIgniter.php(933): App\Controllers\Reservaciones->modificarReservacion()
#9 C:\xampp\htdocs\fs2024\ci-hotel\system\CodeIgniter.php(509): CodeIgniter\CodeIgniter->runController(Object(App\Controllers\Reservaciones))
#10 C:\xampp\htdocs\fs2024\ci-hotel\system\CodeIgniter.php(355): CodeIgniter\CodeIgniter->handleRequest(NULL, Object(Config\Cache), false)
#11 C:\xampp\htdocs\fs2024\ci-hotel\system\Boot.php(325): CodeIgniter\CodeIgniter->run()
#12 C:\xampp\htdocs\fs2024\ci-hotel\system\Boot.php(67): CodeIgniter\Boot::runCodeIgniter(Object(CodeIgniter\CodeIgniter))
#13 C:\xampp\htdocs\fs2024\ci-hotel\public\index.php(56): CodeIgniter\Boot::bootWeb(Object(Config\Paths))
#14 {main}
CRITICAL - 2024-08-02 15:18:32 --> CodeIgniter\Database\Exceptions\DatabaseException: Cannot add or update a child row: a foreign key constraint fails (`fs2024_hotel`.`reservaciones`, CONSTRAINT `reservaciones_ibfk_2` FOREIGN KEY (`usuario_id`) REFERENCES `usuarios` (`usuario_id`))
[Method: POST, Route: modificar_reservacion]
in SYSTEMPATH\Database\BaseConnection.php on line 688.
 1 SYSTEMPATH\Database\BaseBuilder.php(2508): CodeIgniter\Database\BaseConnection->query('UPDATE `reservaciones` SET `reservacion_id` = :reservacion_id:, `fecha` = :fecha:, `cliente_id` = :cliente_id:, `hotel_id` = :hotel_id:, `descripcion` = :descripcion:, `usuario_id` = :usuario_id:
WHERE `reservaciones`.`reservacion_id` IN :reservaciones.reservacion_id:', [...], false)
 2 SYSTEMPATH\Model.php(461): CodeIgniter\Database\BaseBuilder->update()
 3 SYSTEMPATH\BaseModel.php(1028): CodeIgniter\Model->doUpdate([...], [...])
 4 SYSTEMPATH\Model.php(865): CodeIgniter\BaseModel->update([...], [...])
 5 APPPATH\Controllers\Reservaciones.php(59): CodeIgniter\Model->update('1', [...])
 6 SYSTEMPATH\CodeIgniter.php(933): App\Controllers\Reservaciones->modificarReservacion()
 7 SYSTEMPATH\CodeIgniter.php(509): CodeIgniter\CodeIgniter->runController(Object(App\Controllers\Reservaciones))
 8 SYSTEMPATH\CodeIgniter.php(355): CodeIgniter\CodeIgniter->handleRequest(null, Object(Config\Cache), false)
 9 SYSTEMPATH\Boot.php(325): CodeIgniter\CodeIgniter->run()
10 SYSTEMPATH\Boot.php(67): CodeIgniter\Boot::runCodeIgniter(Object(CodeIgniter\CodeIgniter))
11 FCPATH\index.php(56): CodeIgniter\Boot::bootWeb(Object(Config\Paths))
CRITICAL - 2024-08-02 15:18:32 --> [Caused by] CodeIgniter\Database\Exceptions\DatabaseException: Cannot add or update a child row: a foreign key constraint fails (`fs2024_hotel`.`reservaciones`, CONSTRAINT `reservaciones_ibfk_2` FOREIGN KEY (`usuario_id`) REFERENCES `usuarios` (`usuario_id`))
in SYSTEMPATH\Database\MySQLi\Connection.php on line 317.
 1 SYSTEMPATH\Database\BaseConnection.php(734): CodeIgniter\Database\MySQLi\Connection->execute('UPDATE `reservaciones` SET `reservacion_id` = \'1\', `fecha` = \'2022-12-31\', `cliente_id` = \'2\', `hotel_id` = \'5\', `descripcion` = \'2 personas\', `usuario_id` = \'Selecione Nombre de la ciudad\'
WHERE `reservaciones`.`reservacion_id` IN (\'1\')')
 2 SYSTEMPATH\Database\BaseConnection.php(648): CodeIgniter\Database\BaseConnection->simpleQuery('UPDATE `reservaciones` SET `reservacion_id` = \'1\', `fecha` = \'2022-12-31\', `cliente_id` = \'2\', `hotel_id` = \'5\', `descripcion` = \'2 personas\', `usuario_id` = \'Selecione Nombre de la ciudad\'
WHERE `reservaciones`.`reservacion_id` IN (\'1\')')
 3 SYSTEMPATH\Database\BaseBuilder.php(2508): CodeIgniter\Database\BaseConnection->query('UPDATE `reservaciones` SET `reservacion_id` = :reservacion_id:, `fecha` = :fecha:, `cliente_id` = :cliente_id:, `hotel_id` = :hotel_id:, `descripcion` = :descripcion:, `usuario_id` = :usuario_id:
WHERE `reservaciones`.`reservacion_id` IN :reservaciones.reservacion_id:', [...], false)
 4 SYSTEMPATH\Model.php(461): CodeIgniter\Database\BaseBuilder->update()
 5 SYSTEMPATH\BaseModel.php(1028): CodeIgniter\Model->doUpdate([...], [...])
 6 SYSTEMPATH\Model.php(865): CodeIgniter\BaseModel->update([...], [...])
 7 APPPATH\Controllers\Reservaciones.php(59): CodeIgniter\Model->update('1', [...])
 8 SYSTEMPATH\CodeIgniter.php(933): App\Controllers\Reservaciones->modificarReservacion()
 9 SYSTEMPATH\CodeIgniter.php(509): CodeIgniter\CodeIgniter->runController(Object(App\Controllers\Reservaciones))
10 SYSTEMPATH\CodeIgniter.php(355): CodeIgniter\CodeIgniter->handleRequest(null, Object(Config\Cache), false)
11 SYSTEMPATH\Boot.php(325): CodeIgniter\CodeIgniter->run()
12 SYSTEMPATH\Boot.php(67): CodeIgniter\Boot::runCodeIgniter(Object(CodeIgniter\CodeIgniter))
13 FCPATH\index.php(56): CodeIgniter\Boot::bootWeb(Object(Config\Paths))
CRITICAL - 2024-08-02 15:18:32 --> [Caused by] mysqli_sql_exception: Cannot add or update a child row: a foreign key constraint fails (`fs2024_hotel`.`reservaciones`, CONSTRAINT `reservaciones_ibfk_2` FOREIGN KEY (`usuario_id`) REFERENCES `usuarios` (`usuario_id`))
in SYSTEMPATH\Database\MySQLi\Connection.php on line 312.
 1 SYSTEMPATH\Database\MySQLi\Connection.php(312): mysqli->query('UPDATE `reservaciones` SET `reservacion_id` = \'1\', `fecha` = \'2022-12-31\', `cliente_id` = \'2\', `hotel_id` = \'5\', `descripcion` = \'2 personas\', `usuario_id` = \'Selecione Nombre de la ciudad\'
WHERE `reservaciones`.`reservacion_id` IN (\'1\')', 0)
 2 SYSTEMPATH\Database\BaseConnection.php(734): CodeIgniter\Database\MySQLi\Connection->execute('UPDATE `reservaciones` SET `reservacion_id` = \'1\', `fecha` = \'2022-12-31\', `cliente_id` = \'2\', `hotel_id` = \'5\', `descripcion` = \'2 personas\', `usuario_id` = \'Selecione Nombre de la ciudad\'
WHERE `reservaciones`.`reservacion_id` IN (\'1\')')
 3 SYSTEMPATH\Database\BaseConnection.php(648): CodeIgniter\Database\BaseConnection->simpleQuery('UPDATE `reservaciones` SET `reservacion_id` = \'1\', `fecha` = \'2022-12-31\', `cliente_id` = \'2\', `hotel_id` = \'5\', `descripcion` = \'2 personas\', `usuario_id` = \'Selecione Nombre de la ciudad\'
WHERE `reservaciones`.`reservacion_id` IN (\'1\')')
 4 SYSTEMPATH\Database\BaseBuilder.php(2508): CodeIgniter\Database\BaseConnection->query('UPDATE `reservaciones` SET `reservacion_id` = :reservacion_id:, `fecha` = :fecha:, `cliente_id` = :cliente_id:, `hotel_id` = :hotel_id:, `descripcion` = :descripcion:, `usuario_id` = :usuario_id:
WHERE `reservaciones`.`reservacion_id` IN :reservaciones.reservacion_id:', [...], false)
 5 SYSTEMPATH\Model.php(461): CodeIgniter\Database\BaseBuilder->update()
 6 SYSTEMPATH\BaseModel.php(1028): CodeIgniter\Model->doUpdate([...], [...])
 7 SYSTEMPATH\Model.php(865): CodeIgniter\BaseModel->update([...], [...])
 8 APPPATH\Controllers\Reservaciones.php(59): CodeIgniter\Model->update('1', [...])
 9 SYSTEMPATH\CodeIgniter.php(933): App\Controllers\Reservaciones->modificarReservacion()
10 SYSTEMPATH\CodeIgniter.php(509): CodeIgniter\CodeIgniter->runController(Object(App\Controllers\Reservaciones))
11 SYSTEMPATH\CodeIgniter.php(355): CodeIgniter\CodeIgniter->handleRequest(null, Object(Config\Cache), false)
12 SYSTEMPATH\Boot.php(325): CodeIgniter\CodeIgniter->run()
13 SYSTEMPATH\Boot.php(67): CodeIgniter\Boot::runCodeIgniter(Object(CodeIgniter\CodeIgniter))
14 FCPATH\index.php(56): CodeIgniter\Boot::bootWeb(Object(Config\Paths))
ERROR - 2024-08-02 15:20:47 --> mysqli_sql_exception: Cannot add or update a child row: a foreign key constraint fails (`fs2024_hotel`.`reservaciones`, CONSTRAINT `reservaciones_ibfk_2` FOREIGN KEY (`usuario_id`) REFERENCES `usuarios` (`usuario_id`)) in C:\xampp\htdocs\fs2024\ci-hotel\system\Database\MySQLi\Connection.php:312
Stack trace:
#0 C:\xampp\htdocs\fs2024\ci-hotel\system\Database\MySQLi\Connection.php(312): mysqli->query('UPDATE `reserva...', 0)
#1 C:\xampp\htdocs\fs2024\ci-hotel\system\Database\BaseConnection.php(734): CodeIgniter\Database\MySQLi\Connection->execute('UPDATE `reserva...')
#2 C:\xampp\htdocs\fs2024\ci-hotel\system\Database\BaseConnection.php(648): CodeIgniter\Database\BaseConnection->simpleQuery('UPDATE `reserva...')
#3 C:\xampp\htdocs\fs2024\ci-hotel\system\Database\BaseBuilder.php(2508): CodeIgniter\Database\BaseConnection->query('UPDATE `reserva...', Array, false)
#4 C:\xampp\htdocs\fs2024\ci-hotel\system\Model.php(461): CodeIgniter\Database\BaseBuilder->update()
#5 C:\xampp\htdocs\fs2024\ci-hotel\system\BaseModel.php(1028): CodeIgniter\Model->doUpdate(Array, Array)
#6 C:\xampp\htdocs\fs2024\ci-hotel\system\Model.php(865): CodeIgniter\BaseModel->update(Array, Array)
#7 C:\xampp\htdocs\fs2024\ci-hotel\app\Controllers\Reservaciones.php(59): CodeIgniter\Model->update('1', Array)
#8 C:\xampp\htdocs\fs2024\ci-hotel\system\CodeIgniter.php(933): App\Controllers\Reservaciones->modificarReservacion()
#9 C:\xampp\htdocs\fs2024\ci-hotel\system\CodeIgniter.php(509): CodeIgniter\CodeIgniter->runController(Object(App\Controllers\Reservaciones))
#10 C:\xampp\htdocs\fs2024\ci-hotel\system\CodeIgniter.php(355): CodeIgniter\CodeIgniter->handleRequest(NULL, Object(Config\Cache), false)
#11 C:\xampp\htdocs\fs2024\ci-hotel\system\Boot.php(325): CodeIgniter\CodeIgniter->run()
#12 C:\xampp\htdocs\fs2024\ci-hotel\system\Boot.php(67): CodeIgniter\Boot::runCodeIgniter(Object(CodeIgniter\CodeIgniter))
#13 C:\xampp\htdocs\fs2024\ci-hotel\public\index.php(56): CodeIgniter\Boot::bootWeb(Object(Config\Paths))
#14 {main}
CRITICAL - 2024-08-02 15:20:47 --> CodeIgniter\Database\Exceptions\DatabaseException: Cannot add or update a child row: a foreign key constraint fails (`fs2024_hotel`.`reservaciones`, CONSTRAINT `reservaciones_ibfk_2` FOREIGN KEY (`usuario_id`) REFERENCES `usuarios` (`usuario_id`))
[Method: POST, Route: modificar_reservacion]
in SYSTEMPATH\Database\BaseConnection.php on line 688.
 1 SYSTEMPATH\Database\BaseBuilder.php(2508): CodeIgniter\Database\BaseConnection->query('UPDATE `reservaciones` SET `reservacion_id` = :reservacion_id:, `fecha` = :fecha:, `cliente_id` = :cliente_id:, `hotel_id` = :hotel_id:, `descripcion` = :descripcion:, `usuario_id` = :usuario_id:
WHERE `reservaciones`.`reservacion_id` IN :reservaciones.reservacion_id:', [...], false)
 2 SYSTEMPATH\Model.php(461): CodeIgniter\Database\BaseBuilder->update()
 3 SYSTEMPATH\BaseModel.php(1028): CodeIgniter\Model->doUpdate([...], [...])
 4 SYSTEMPATH\Model.php(865): CodeIgniter\BaseModel->update([...], [...])
 5 APPPATH\Controllers\Reservaciones.php(59): CodeIgniter\Model->update('1', [...])
 6 SYSTEMPATH\CodeIgniter.php(933): App\Controllers\Reservaciones->modificarReservacion()
 7 SYSTEMPATH\CodeIgniter.php(509): CodeIgniter\CodeIgniter->runController(Object(App\Controllers\Reservaciones))
 8 SYSTEMPATH\CodeIgniter.php(355): CodeIgniter\CodeIgniter->handleRequest(null, Object(Config\Cache), false)
 9 SYSTEMPATH\Boot.php(325): CodeIgniter\CodeIgniter->run()
10 SYSTEMPATH\Boot.php(67): CodeIgniter\Boot::runCodeIgniter(Object(CodeIgniter\CodeIgniter))
11 FCPATH\index.php(56): CodeIgniter\Boot::bootWeb(Object(Config\Paths))
CRITICAL - 2024-08-02 15:20:47 --> [Caused by] CodeIgniter\Database\Exceptions\DatabaseException: Cannot add or update a child row: a foreign key constraint fails (`fs2024_hotel`.`reservaciones`, CONSTRAINT `reservaciones_ibfk_2` FOREIGN KEY (`usuario_id`) REFERENCES `usuarios` (`usuario_id`))
in SYSTEMPATH\Database\MySQLi\Connection.php on line 317.
 1 SYSTEMPATH\Database\BaseConnection.php(734): CodeIgniter\Database\MySQLi\Connection->execute('UPDATE `reservaciones` SET `reservacion_id` = \'1\', `fecha` = \'2022-12-31\', `cliente_id` = \'2\', `hotel_id` = \'5\', `descripcion` = \'2 personas\', `usuario_id` = \'Selecione Nombre de la ciudad\'
WHERE `reservaciones`.`reservacion_id` IN (\'1\')')
 2 SYSTEMPATH\Database\BaseConnection.php(648): CodeIgniter\Database\BaseConnection->simpleQuery('UPDATE `reservaciones` SET `reservacion_id` = \'1\', `fecha` = \'2022-12-31\', `cliente_id` = \'2\', `hotel_id` = \'5\', `descripcion` = \'2 personas\', `usuario_id` = \'Selecione Nombre de la ciudad\'
WHERE `reservaciones`.`reservacion_id` IN (\'1\')')
 3 SYSTEMPATH\Database\BaseBuilder.php(2508): CodeIgniter\Database\BaseConnection->query('UPDATE `reservaciones` SET `reservacion_id` = :reservacion_id:, `fecha` = :fecha:, `cliente_id` = :cliente_id:, `hotel_id` = :hotel_id:, `descripcion` = :descripcion:, `usuario_id` = :usuario_id:
WHERE `reservaciones`.`reservacion_id` IN :reservaciones.reservacion_id:', [...], false)
 4 SYSTEMPATH\Model.php(461): CodeIgniter\Database\BaseBuilder->update()
 5 SYSTEMPATH\BaseModel.php(1028): CodeIgniter\Model->doUpdate([...], [...])
 6 SYSTEMPATH\Model.php(865): CodeIgniter\BaseModel->update([...], [...])
 7 APPPATH\Controllers\Reservaciones.php(59): CodeIgniter\Model->update('1', [...])
 8 SYSTEMPATH\CodeIgniter.php(933): App\Controllers\Reservaciones->modificarReservacion()
 9 SYSTEMPATH\CodeIgniter.php(509): CodeIgniter\CodeIgniter->runController(Object(App\Controllers\Reservaciones))
10 SYSTEMPATH\CodeIgniter.php(355): CodeIgniter\CodeIgniter->handleRequest(null, Object(Config\Cache), false)
11 SYSTEMPATH\Boot.php(325): CodeIgniter\CodeIgniter->run()
12 SYSTEMPATH\Boot.php(67): CodeIgniter\Boot::runCodeIgniter(Object(CodeIgniter\CodeIgniter))
13 FCPATH\index.php(56): CodeIgniter\Boot::bootWeb(Object(Config\Paths))
CRITICAL - 2024-08-02 15:20:47 --> [Caused by] mysqli_sql_exception: Cannot add or update a child row: a foreign key constraint fails (`fs2024_hotel`.`reservaciones`, CONSTRAINT `reservaciones_ibfk_2` FOREIGN KEY (`usuario_id`) REFERENCES `usuarios` (`usuario_id`))
in SYSTEMPATH\Database\MySQLi\Connection.php on line 312.
 1 SYSTEMPATH\Database\MySQLi\Connection.php(312): mysqli->query('UPDATE `reservaciones` SET `reservacion_id` = \'1\', `fecha` = \'2022-12-31\', `cliente_id` = \'2\', `hotel_id` = \'5\', `descripcion` = \'2 personas\', `usuario_id` = \'Selecione Nombre de la ciudad\'
WHERE `reservaciones`.`reservacion_id` IN (\'1\')', 0)
 2 SYSTEMPATH\Database\BaseConnection.php(734): CodeIgniter\Database\MySQLi\Connection->execute('UPDATE `reservaciones` SET `reservacion_id` = \'1\', `fecha` = \'2022-12-31\', `cliente_id` = \'2\', `hotel_id` = \'5\', `descripcion` = \'2 personas\', `usuario_id` = \'Selecione Nombre de la ciudad\'
WHERE `reservaciones`.`reservacion_id` IN (\'1\')')
 3 SYSTEMPATH\Database\BaseConnection.php(648): CodeIgniter\Database\BaseConnection->simpleQuery('UPDATE `reservaciones` SET `reservacion_id` = \'1\', `fecha` = \'2022-12-31\', `cliente_id` = \'2\', `hotel_id` = \'5\', `descripcion` = \'2 personas\', `usuario_id` = \'Selecione Nombre de la ciudad\'
WHERE `reservaciones`.`reservacion_id` IN (\'1\')')
 4 SYSTEMPATH\Database\BaseBuilder.php(2508): CodeIgniter\Database\BaseConnection->query('UPDATE `reservaciones` SET `reservacion_id` = :reservacion_id:, `fecha` = :fecha:, `cliente_id` = :cliente_id:, `hotel_id` = :hotel_id:, `descripcion` = :descripcion:, `usuario_id` = :usuario_id:
WHERE `reservaciones`.`reservacion_id` IN :reservaciones.reservacion_id:', [...], false)
 5 SYSTEMPATH\Model.php(461): CodeIgniter\Database\BaseBuilder->update()
 6 SYSTEMPATH\BaseModel.php(1028): CodeIgniter\Model->doUpdate([...], [...])
 7 SYSTEMPATH\Model.php(865): CodeIgniter\BaseModel->update([...], [...])
 8 APPPATH\Controllers\Reservaciones.php(59): CodeIgniter\Model->update('1', [...])
 9 SYSTEMPATH\CodeIgniter.php(933): App\Controllers\Reservaciones->modificarReservacion()
10 SYSTEMPATH\CodeIgniter.php(509): CodeIgniter\CodeIgniter->runController(Object(App\Controllers\Reservaciones))
11 SYSTEMPATH\CodeIgniter.php(355): CodeIgniter\CodeIgniter->handleRequest(null, Object(Config\Cache), false)
12 SYSTEMPATH\Boot.php(325): CodeIgniter\CodeIgniter->run()
13 SYSTEMPATH\Boot.php(67): CodeIgniter\Boot::runCodeIgniter(Object(CodeIgniter\CodeIgniter))
14 FCPATH\index.php(56): CodeIgniter\Boot::bootWeb(Object(Config\Paths))
